Release 12.4 Map M.81d (nt64)
Xilinx Mapping Report File for Design 'toplevel2'

Design Information
------------------
Command Line   : map -intstyle ise -p xc6slx16-csg324-3 -w -logic_opt off -ol high -t 1 -xt 0 -register_duplication off
-r 4 -global_opt off -mt off -ir off -pr off -lc off -power off -o toplevel2_map.ncd toplevel2.ngd toplevel2.pcf 
Target Device  : xc6slx16
Target Package : csg324
Target Speed   : -3
Mapper Version : spartan6 -- $Revision: 1.52.76.2 $
Mapped Date    : Thu Oct 16 11:05:49 2014

Design Summary
--------------
Number of errors:      0
Number of warnings:    1
Slice Logic Utilization:
  Number of Slice Registers:                    88 out of  18,224    1%
    Number used as Flip Flops:                  88
    Number used as Latches:                      0
    Number used as Latch-thrus:                  0
    Number used as AND/OR logics:                0
  Number of Slice LUTs:                         88 out of   9,112    1%
    Number used as logic:                       85 out of   9,112    1%
      Number using O6 output only:              33
      Number using O5 output only:              42
      Number using O5 and O6:                   10
      Number used as ROM:                        0
    Number used as Memory:                       0 out of   2,176    0%
    Number used exclusively as route-thrus:      3
      Number with same-slice register load:      0
      Number with same-slice carry load:         3
      Number with other load:                    0

Slice Logic Distribution:
  Number of occupied Slices:                    43 out of   2,278    1%
  Number of LUT Flip Flop pairs used:          114
    Number with an unused Flip Flop:            29 out of     114   25%
    Number with an unused LUT:                  26 out of     114   22%
    Number of fully used LUT-FF pairs:          59 out of     114   51%
    Number of unique control sets:               9
    Number of slice register sites lost
      to control set restrictions:              32 out of  18,224    1%

  A LUT Flip Flop pair for this architecture represents one LUT paired with
  one Flip Flop within a slice.  A control set is a unique combination of
  clock, reset, set, and enable signals for a registered element.
  The Slice Logic Distribution report is not meaningful if the design is
  over-mapped for a non-slice resource or if Placement fails.

IO Utilization:
  Number of bonded IOBs:                        29 out of     232   12%
    Number of LOCed IOBs:                       29 out of      29  100%

Specific Feature Utilization:
  Number of RAMB16BWERs:                         0 out of      32    0%
  Number of RAMB8BWERs:                          0 out of      64    0%
  Number of BUFIO2/BUFIO2_2CLKs:                 1 out of      32    3%
    Number used as BUFIO2s:                      1
    Number used as BUFIO2_2CLKs:                 0
  Number of BUFIO2FB/BUFIO2FB_2CLKs:             1 out of      32    3%
    Number used as BUFIO2FBs:                    1
    Number used as BUFIO2FB_2CLKs:               0
  Number of BUFG/BUFGMUXs:                       2 out of      16   12%
    Number used as BUFGs:                        2
    Number used as BUFGMUX:                      0
  Number of DCM/DCM_CLKGENs:                     1 out of       4   25%
    Number used as DCMs:                         1
    Number used as DCM_CLKGENs:                  0
  Number of ILOGIC2/ISERDES2s:                   0 out of     248    0%
  Number of IODELAY2/IODRP2/IODRP2_MCBs:         0 out of     248    0%
  Number of OLOGIC2/OSERDES2s:                   0 out of     248    0%
  Number of BSCANs:                              0 out of       4    0%
  Number of BUFHs:                               0 out of     128    0%
  Number of BUFPLLs:                             0 out of       8    0%
  Number of BUFPLL_MCBs:                         0 out of       4    0%
  Number of DSP48A1s:                            0 out of      32    0%
  Number of ICAPs:                               0 out of       1    0%
  Number of MCBs:                                0 out of       2    0%
  Number of PCILOGICSEs:                         0 out of       2    0%
  Number of PLL_ADVs:                            0 out of       2    0%
  Number of PMVs:                                0 out of       1    0%
  Number of STARTUPs:                            0 out of       1    0%
  Number of SUSPEND_SYNCs:                       0 out of       1    0%

Average Fanout of Non-Clock Nets:                1.92

Peak Memory Usage:  339 MB
Total REAL time to MAP completion:  6 secs 
Total CPU time to MAP completion:   5 secs 

Table of Contents
-----------------
Section 1 - Errors
Section 2 - Warnings
Section 3 - Informational
Section 4 - Removed Logic Summary
Section 5 - Removed Logic
Section 6 - IOB Properties
Section 7 - RPMs
Section 8 - Guide Report
Section 9 - Area Group and Partition Summary
Section 10 - Timing Report
Section 11 - Configuration String Information
Section 12 - Control Set Information
Section 13 - Utilization by Hierarchy

Section 1 - Errors
------------------

Section 2 - Warnings
--------------------
WARNING:MapLib:701 - Signal btn1 connected to top level port btn1 has been
   removed.

Section 3 - Informational
-------------------------
INFO:MapLib:562 - No environment variables are currently set.
INFO:LIT:244 - All of the single ended outputs in this design are using slew
   rate limited output drivers. The delay on speed critical single ended outputs
   can be dramatically reduced by designating them as fast outputs.
INFO:Pack:1716 - Initializing temperature to 85.000 Celsius. (default - Range:
   0.000 to 85.000 Celsius)
INFO:Pack:1720 - Initializing voltage to 1.140 Volts. (default - Range: 1.140 to
   1.260 Volts)
INFO:Map:215 - The Interim Design Summary has been generated in the MAP Report
   (.mrp).
INFO:Pack:1650 - Map created a placed design.

Section 4 - Removed Logic Summary
---------------------------------
   2 block(s) removed
  20 block(s) optimized away
   7 signal(s) removed

Section 5 - Removed Logic
-------------------------

The trimmed logic reported below is either:
   1. part of a cycle
   2. part of disabled logic
   3. a side-effect of other trimmed logic

The signal "btn1_IBUF" is unused and has been removed.
 Unused block "btn1_IBUF" (BUF) removed.
  The signal "btn1" is unused and has been removed.
   Unused block "btn1" (PAD) removed.
The signal "XLXI_5/XLXI_6/XLXN_28" is unused and has been removed.
The signal "XLXI_14/o1" is unused and has been removed.
The signal "XLXI_14/q2" is unused and has been removed.
The signal "XLXI_14/q1" is unused and has been removed.
The signal "XLXI_14/q0" is unused and has been removed.

Optimized Block(s):
TYPE 		BLOCK
FD 		XLXI_14/XLXI_10
   optimized to 0
FD 		XLXI_14/XLXI_11
   optimized to 0
AND3 		XLXI_14/XLXI_12
AND3 		XLXI_14/XLXI_13
INV 		XLXI_14/XLXI_14
FDE 		XLXI_14/XLXI_5
   optimized to 0
FDE 		XLXI_14/XLXI_6
   optimized to 0
FDE 		XLXI_14/XLXI_8
   optimized to 0
FD 		XLXI_14/XLXI_9
   optimized to 0
GND 		XLXI_2/XLXI_2/XST_GND
VCC 		XLXI_2/XLXI_2/XST_VCC
GND 		XLXI_38/XLXI_2/XST_GND
VCC 		XLXI_38/XLXI_2/XST_VCC
VCC 		XLXI_5/XLXI_6/XLXI_4
GND 		XLXI_5/XLXI_9/XLXI_2/XST_GND
VCC 		XLXI_5/XLXI_9/XLXI_2/XST_VCC
GND 		XST_GND
LUT4 		XLXI_5/XLXI_7/Mram_sevenseg41
LUT4 		sevenseg<0>1
LUT4 		sevenseg<5>1

To enable printing of redundant blocks removed and signals merged, set the
detailed map report option and rerun map.

Section 6 - IOB Properties
--------------------------

+---------------------------------------------------------------------------------------------------------------------------------------------------------+
| IOB Name                           | Type             | Direction | IO Standard          | Diff  | Drive    | Slew | Reg (s)      | Resistor | IOB      |
|                                    |                  |           |                      | Term  | Strength | Rate |              |          | Delay    |
+---------------------------------------------------------------------------------------------------------------------------------------------------------+
| anodes<0>                          | IOB              | OUTPUT    | LVCMOS25             |       | 12       | SLOW |              |          |          |
| anodes<1>                          | IOB              | OUTPUT    | LVCMOS25             |       | 12       | SLOW |              |          |          |
| anodes<2>                          | IOB              | OUTPUT    | LVCMOS25             |       | 12       | SLOW |              |          |          |
| anodes<3>                          | IOB              | OUTPUT    | LVCMOS25             |       | 12       | SLOW |              |          |          |
| btn0                               | IOB              | INPUT     | LVCMOS25             |       |          |      |              |          |          |
| clk                                | IOB              | INPUT     | LVCMOS25             |       |          |      |              |          |          |
| led<0>                             | IOB              | OUTPUT    | LVCMOS25             |       | 12       | SLOW |              |          |          |
| led<1>                             | IOB              | OUTPUT    | LVCMOS25             |       | 12       | SLOW |              |          |          |
| led<2>                             | IOB              | OUTPUT    | LVCMOS25             |       | 12       | SLOW |              |          |          |
| led<3>                             | IOB              | OUTPUT    | LVCMOS25             |       | 12       | SLOW |              |          |          |
| led<4>                             | IOB              | OUTPUT    | LVCMOS25             |       | 12       | SLOW |              |          |          |
| led<5>                             | IOB              | OUTPUT    | LVCMOS25             |       | 12       | SLOW |              |          |          |
| led<6>                             | IOB              | OUTPUT    | LVCMOS25             |       | 12       | SLOW |              |          |          |
| led<7>                             | IOB              | OUTPUT    | LVCMOS25             |       | 12       | SLOW |              |          |          |
| sevenseg<0>                        | IOB              | OUTPUT    | LVCMOS25             |       | 12       | SLOW |              |          |          |
| sevenseg<1>                        | IOB              | OUTPUT    | LVCMOS25             |       | 12       | SLOW |              |          |          |
| sevenseg<2>                        | IOB              | OUTPUT    | LVCMOS25             |       | 12       | SLOW |              |          |          |
| sevenseg<3>                        | IOB              | OUTPUT    | LVCMOS25             |       | 12       | SLOW |              |          |          |
| sevenseg<4>                        | IOB              | OUTPUT    | LVCMOS25             |       | 12       | SLOW |              |          |          |
| sevenseg<5>                        | IOB              | OUTPUT    | LVCMOS25             |       | 12       | SLOW |              |          |          |
| sevenseg<6>                        | IOB              | OUTPUT    | LVCMOS25             |       | 12       | SLOW |              |          |          |
| switches<0>                        | IOB              | INPUT     | LVCMOS25             |       |          |      |              |          |          |
| switches<1>                        | IOB              | INPUT     | LVCMOS25             |       |          |      |              |          |          |
| switches<2>                        | IOB              | INPUT     | LVCMOS25             |       |          |      |              |          |          |
| switches<3>                        | IOB              | INPUT     | LVCMOS25             |       |          |      |              |          |          |
| switches<4>                        | IOB              | INPUT     | LVCMOS25             |       |          |      |              |          |          |
| switches<5>                        | IOB              | INPUT     | LVCMOS25             |       |          |      |              |          |          |
| switches<6>                        | IOB              | INPUT     | LVCMOS25             |       |          |      |              |          |          |
| switches<7>                        | IOB              | INPUT     | LVCMOS25             |       |          |      |              |          |          |
+---------------------------------------------------------------------------------------------------------------------------------------------------------+

Section 7 - RPMs
----------------

Section 8 - Guide Report
------------------------
Guide not run on this design.

Section 9 - Area Group and Partition Summary
--------------------------------------------

Partition Implementation Status
-------------------------------

  No Partitions were found in this design.

-------------------------------

Area Group Information
----------------------

  No area groups were found in this design.

----------------------

Section 10 - Timing Report
--------------------------
A logic-level (pre-route) timing report can be generated by using Xilinx static
timing analysis tools, Timing Analyzer (GUI) or TRCE (command line), with the
mapped NCD and PCF files. Please note that this timing report will be generated
using estimated delay information. For accurate numbers, please generate a
timing report with the post Place and Route NCD file.

For more information about the Timing Analyzer, consult the Xilinx Timing
Analyzer Reference Manual; for more information about TRCE, consult the Xilinx
Command Line Tools User Guide "TRACE" chapter.

Section 11 - Configuration String Details
-----------------------------------------
Use the "-detail" map option to print out Configuration Strings

Section 12 - Control Set Information
------------------------------------
Use the "-detail" map option to print out Control Set Information.

Section 13 - Utilization by Hierarchy
-------------------------------------
Use the "-detail" map option to print out the Utilization by Hierarchy section.
