ISim log file
Running: /home/m1/sommerard/Documents/AEO/Roulette/shiftled_isim_beh.exe -gui -tclbatch isim.cmd -wdb /home/m1/sommerard/Documents/AEO/Roulette/shiftled_isim_beh.wdb 
ISim M.81d (signature 0x141a37e9)
WARNING: A WEBPACK license was found.
WARNING: Please use Xilinx License Configuration Manager to check out a full ISim license.
WARNING: ISim will run in Lite mode. Please refer to the ISim documentation for more information on the differences between the Lite and the Full version.
This is a Lite version of ISim.
Time resolution is 1 ps
# onerror resume
# wave add /
# run 1000 ns
Simulator is doing circuit initialization process.
Finished circuit initialization process.
# restart
# run 1.00ms
Simulator is doing circuit initialization process.
Finished circuit initialization process.
# restart
# run 1.00ms
Simulator is doing circuit initialization process.
Finished circuit initialization process.
# isim force add /shiftled/clk 1 -radix bin -value 0 -radix bin -time 25 us -repeat 50 us
# isim force add /shiftled/clk 1 -radix bin -value 0 -radix bin -time 25 us -repeat 50 us
# isim force add /shiftled/e 1 -radix bin
# isim force add /shiftled/e 1 -radix bin
# run 1.00ms
# exit 0
