Release 12.4 - xst M.81d (nt64)
Copyright (c) 1995-2010 Xilinx, Inc.  All rights reserved.
--> Parameter TMPDIR set to xst/projnav.tmp


Total REAL time to Xst completion: 0.00 secs
Total CPU time to Xst completion: 0.12 secs
 
--> Parameter xsthdpdir set to xst


Total REAL time to Xst completion: 0.00 secs
Total CPU time to Xst completion: 0.12 secs
 
--> Reading design: toplevel.prj

TABLE OF CONTENTS
  1) Synthesis Options Summary
  2) HDL Parsing
  3) HDL Elaboration
  4) HDL Synthesis
       4.1) HDL Synthesis Report
  5) Advanced HDL Synthesis
       5.1) Advanced HDL Synthesis Report
  6) Low Level Synthesis
  7) Partition Report
  8) Design Summary
       8.1) Primitive and Black Box Usage
       8.2) Device utilization summary
       8.3) Partition Resource Summary
       8.4) Timing Report
            8.4.1) Clock Information
            8.4.2) Asynchronous Control Signals Information
            8.4.3) Timing Summary
            8.4.4) Timing Details
            8.4.5) Cross Clock Domains Report


=========================================================================
*                      Synthesis Options Summary                        *
=========================================================================
---- Source Parameters
Input File Name                    : "toplevel.prj"
Input Format                       : mixed
Ignore Synthesis Constraint File   : NO

---- Target Parameters
Output File Name                   : "toplevel"
Output Format                      : NGC
Target Device                      : xc6slx16-3-csg324

---- Source Options
Top Module Name                    : toplevel
Automatic FSM Extraction           : YES
FSM Encoding Algorithm             : Auto
Safe Implementation                : No
FSM Style                          : LUT
RAM Extraction                     : Yes
RAM Style                          : Auto
ROM Extraction                     : Yes
Shift Register Extraction          : YES
ROM Style                          : Auto
Resource Sharing                   : YES
Asynchronous To Synchronous        : NO
Shift Register Minimum Size        : 2
Use DSP Block                      : Auto
Automatic Register Balancing       : No

---- Target Options
LUT Combining                      : Auto
Reduce Control Sets                : Auto
Add IO Buffers                     : YES
Global Maximum Fanout              : 100000
Add Generic Clock Buffer(BUFG)     : 16
Register Duplication               : YES
Optimize Instantiated Primitives   : NO
Use Clock Enable                   : Auto
Use Synchronous Set                : Auto
Use Synchronous Reset              : Auto
Pack IO Registers into IOBs        : Auto
Equivalent register Removal        : YES

---- General Options
Optimization Goal                  : Speed
Optimization Effort                : 1
Power Reduction                    : NO
Keep Hierarchy                     : No
Netlist Hierarchy                  : As_Optimized
RTL Output                         : Yes
Global Optimization                : AllClockNets
Read Cores                         : YES
Write Timing Constraints           : NO
Cross Clock Analysis               : NO
Hierarchy Separator                : /
Bus Delimiter                      : <>
Case Specifier                     : Maintain
Slice Utilization Ratio            : 100
BRAM Utilization Ratio             : 100
DSP48 Utilization Ratio            : 100
Auto BRAM Packing                  : NO
Slice Utilization Ratio Delta      : 5

---- Other Options
Cores Search Directories           : {"ipcore_dir"  }

=========================================================================


=========================================================================
*                          HDL Parsing                                  *
=========================================================================
Parsing VHDL file "\Users\Romain\Desktop\ASE\Roulette\ipcore_dir/timer.vhd" into library work
Parsing entity <timer>.
Parsing architecture <xilinx> of entity <timer>.
Parsing VHDL file "\Users\Romain\Desktop\ASE\Roulette\X7seg.vhd" into library work
Parsing entity <X7seg>.
Parsing architecture <Behavioral> of entity <x7seg>.
Parsing VHDL file "\Users\Romain\Desktop\ASE\Roulette\shiftanodes.vhf" into library work
Parsing entity <shiftanodes>.
Parsing architecture <BEHAVIORAL> of entity <shiftanodes>.
Parsing VHDL file "\Users\Romain\Desktop\ASE\Roulette\Mux4x4.vhf" into library work
Parsing entity <M4_1E_HXILINX_Mux4x4>.
Parsing architecture <M4_1E_HXILINX_Mux4x4_V> of entity <m4_1e_hxilinx_mux4x4>.
Parsing entity <Mux4x4>.
Parsing architecture <BEHAVIORAL> of entity <mux4x4>.
Parsing VHDL file "\Users\Romain\Desktop\ASE\Roulette\enable190.vhf" into library work
Parsing entity <CB4CE_HXILINX_enable190>.
Parsing architecture <Behavioral> of entity <cb4ce_hxilinx_enable190>.
Parsing entity <CB16CE_HXILINX_enable190>.
Parsing architecture <Behavioral> of entity <cb16ce_hxilinx_enable190>.
Parsing entity <enable190>.
Parsing architecture <BEHAVIORAL> of entity <enable190>.
Parsing VHDL file "\Users\Romain\Desktop\ASE\Roulette\shiftled.vhf" into library work
Parsing entity <shiftled>.
Parsing architecture <BEHAVIORAL> of entity <shiftled>.
Parsing VHDL file "\Users\Romain\Desktop\ASE\Roulette\rdm.vhf" into library work
Parsing entity <rdm>.
Parsing architecture <BEHAVIORAL> of entity <rdm>.
Parsing VHDL file "\Users\Romain\Desktop\ASE\Roulette\pulse.vhf" into library work
Parsing entity <pulse>.
Parsing architecture <BEHAVIORAL> of entity <pulse>.
Parsing VHDL file "\Users\Romain\Desktop\ASE\Roulette\mux2x8.vhf" into library work
Parsing entity <M2_1_HXILINX_mux2x8>.
Parsing architecture <M2_1_HXILINX_mux2x8_V> of entity <m2_1_hxilinx_mux2x8>.
Parsing entity <mux2x8>.
Parsing architecture <BEHAVIORAL> of entity <mux2x8>.
Parsing VHDL file "\Users\Romain\Desktop\ASE\Roulette\afficheur.vhf" into library work
Parsing entity <CB4CE_HXILINX_afficheur>.
Parsing architecture <Behavioral> of entity <cb4ce_hxilinx_afficheur>.
Parsing entity <CB16CE_HXILINX_afficheur>.
Parsing architecture <Behavioral> of entity <cb16ce_hxilinx_afficheur>.
Parsing entity <M4_1E_HXILINX_afficheur>.
Parsing architecture <M4_1E_HXILINX_afficheur_V> of entity <m4_1e_hxilinx_afficheur>.
Parsing entity <CB2CE_HXILINX_afficheur>.
Parsing architecture <Behavioral> of entity <cb2ce_hxilinx_afficheur>.
Parsing entity <shiftanodes_MUSER_afficheur>.
Parsing architecture <BEHAVIORAL> of entity <shiftanodes_muser_afficheur>.
Parsing entity <enable190_MUSER_afficheur>.
Parsing architecture <BEHAVIORAL> of entity <enable190_muser_afficheur>.
Parsing entity <Mux4x4_MUSER_afficheur>.
Parsing architecture <BEHAVIORAL> of entity <mux4x4_muser_afficheur>.
Parsing entity <afficheur>.
Parsing architecture <BEHAVIORAL> of entity <afficheur>.
Parsing VHDL file "\Users\Romain\Desktop\ASE\Roulette\toplevel.vhf" into library work
Parsing entity <CB4CE_HXILINX_toplevel>.
Parsing architecture <Behavioral> of entity <cb4ce_hxilinx_toplevel>.
Parsing entity <COMP8_HXILINX_toplevel>.
Parsing architecture <COMP8_HXILINX_toplevel_V> of entity <comp8_hxilinx_toplevel>.
Parsing entity <ACC16_HXILINX_toplevel>.
Parsing architecture <ACC16_HXILINX_toplevel_V> of entity <acc16_hxilinx_toplevel>.
Parsing entity <CB16CE_HXILINX_toplevel>.
Parsing architecture <Behavioral> of entity <cb16ce_hxilinx_toplevel>.
Parsing entity <D3_8E_HXILINX_toplevel>.
Parsing architecture <D3_8E_HXILINX_toplevel_V> of entity <d3_8e_hxilinx_toplevel>.
Parsing entity <M4_1E_HXILINX_toplevel>.
Parsing architecture <M4_1E_HXILINX_toplevel_V> of entity <m4_1e_hxilinx_toplevel>.
Parsing entity <FJKC_HXILINX_toplevel>.
Parsing architecture <Behavioral> of entity <fjkc_hxilinx_toplevel>.
Parsing entity <M2_1_HXILINX_toplevel>.
Parsing architecture <M2_1_HXILINX_toplevel_V> of entity <m2_1_hxilinx_toplevel>.
Parsing entity <CB2CE_HXILINX_toplevel>.
Parsing architecture <Behavioral> of entity <cb2ce_hxilinx_toplevel>.
Parsing entity <shiftanodes_MUSER_toplevel>.
Parsing architecture <BEHAVIORAL> of entity <shiftanodes_muser_toplevel>.
Parsing entity <enable190_MUSER_toplevel>.
Parsing architecture <BEHAVIORAL> of entity <enable190_muser_toplevel>.
Parsing entity <Mux4x4_MUSER_toplevel>.
Parsing architecture <BEHAVIORAL> of entity <mux4x4_muser_toplevel>.
Parsing entity <afficheur_MUSER_toplevel>.
Parsing architecture <BEHAVIORAL> of entity <afficheur_muser_toplevel>.
Parsing entity <mux2x8_MUSER_toplevel>.
Parsing architecture <BEHAVIORAL> of entity <mux2x8_muser_toplevel>.
Parsing entity <pulse_MUSER_toplevel>.
Parsing architecture <BEHAVIORAL> of entity <pulse_muser_toplevel>.
Parsing entity <shiftled_MUSER_toplevel>.
Parsing architecture <BEHAVIORAL> of entity <shiftled_muser_toplevel>.
Parsing entity <rdm_MUSER_toplevel>.
Parsing architecture <BEHAVIORAL> of entity <rdm_muser_toplevel>.
Parsing entity <toplevel>.
Parsing architecture <BEHAVIORAL> of entity <toplevel>.

=========================================================================
*                            HDL Elaboration                            *
=========================================================================

Elaborating entity <toplevel> (architecture <BEHAVIORAL>) from library <work>.

Elaborating entity <rdm_MUSER_toplevel> (architecture <BEHAVIORAL>) from library <work>.

Elaborating entity <afficheur_MUSER_toplevel> (architecture <BEHAVIORAL>) from library <work>.

Elaborating entity <Mux4x4_MUSER_toplevel> (architecture <BEHAVIORAL>) from library <work>.

Elaborating entity <M4_1E_HXILINX_toplevel> (architecture <M4_1E_HXILINX_toplevel_V>) from library <work>.
INFO:HDLCompiler:679 - "\Users\Romain\Desktop\ASE\Roulette\toplevel.vhf" Line 286. Case statement is complete. others clause is never selected

Elaborating entity <CB2CE_HXILINX_toplevel> (architecture <Behavioral>) from library <work>.

Elaborating entity <X7seg> (architecture <Behavioral>) from library <work>.

Elaborating entity <enable190_MUSER_toplevel> (architecture <BEHAVIORAL>) from library <work>.

Elaborating entity <CB16CE_HXILINX_toplevel> (architecture <Behavioral>) from library <work>.

Elaborating entity <CB4CE_HXILINX_toplevel> (architecture <Behavioral>) from library <work>.
WARNING:HDLCompiler:634 - "\Users\Romain\Desktop\ASE\Roulette\toplevel.vhf" Line 492: Net <XLXI_2_CLR_openSignal> does not have a driver.
WARNING:HDLCompiler:634 - "\Users\Romain\Desktop\ASE\Roulette\toplevel.vhf" Line 493: Net <XLXI_3_CLR_openSignal> does not have a driver.

Elaborating entity <shiftanodes_MUSER_toplevel> (architecture <BEHAVIORAL>) from library <work>.
WARNING:HDLCompiler:634 - "\Users\Romain\Desktop\ASE\Roulette\toplevel.vhf" Line 694: Net <XLXI_2_CLR_openSignal> does not have a driver.

Elaborating entity <timer> (architecture <xilinx>) from library <work>.

Elaborating entity <pulse_MUSER_toplevel> (architecture <BEHAVIORAL>) from library <work>.

Elaborating entity <COMP8_HXILINX_toplevel> (architecture <COMP8_HXILINX_toplevel_V>) from library <work>.

Elaborating entity <D3_8E_HXILINX_toplevel> (architecture <D3_8E_HXILINX_toplevel_V>) from library <work>.
INFO:HDLCompiler:679 - "\Users\Romain\Desktop\ASE\Roulette\toplevel.vhf" Line 237. Case statement is complete. others clause is never selected

Elaborating entity <FJKC_HXILINX_toplevel> (architecture <Behavioral>) with generics from library <work>.

Elaborating entity <mux2x8_MUSER_toplevel> (architecture <BEHAVIORAL>) from library <work>.

Elaborating entity <M2_1_HXILINX_toplevel> (architecture <M2_1_HXILINX_toplevel_V>) from library <work>.
INFO:HDLCompiler:679 - "\Users\Romain\Desktop\ASE\Roulette\toplevel.vhf" Line 362. Case statement is complete. others clause is never selected

Elaborating entity <shiftled_MUSER_toplevel> (architecture <BEHAVIORAL>) from library <work>.

Elaborating entity <ACC16_HXILINX_toplevel> (architecture <ACC16_HXILINX_toplevel_V>) from library <work>.
WARNING:HDLCompiler:92 - "\Users\Romain\Desktop\ASE\Roulette\toplevel.vhf" Line 140: add should be on the sensitivity list of the process
WARNING:HDLCompiler:92 - "\Users\Romain\Desktop\ASE\Roulette\toplevel.vhf" Line 142: b should be on the sensitivity list of the process
WARNING:HDLCompiler:92 - "\Users\Romain\Desktop\ASE\Roulette\toplevel.vhf" Line 145: b should be on the sensitivity list of the process
WARNING:HDLCompiler:634 - "\Users\Romain\Desktop\ASE\Roulette\toplevel.vhf" Line 1130: Net <value[15]> does not have a driver.
WARNING:HDLCompiler:634 - "\Users\Romain\Desktop\ASE\Roulette\toplevel.vhf" Line 1145: Net <XLXI_15_CLR_openSignal> does not have a driver.
WARNING:HDLCompiler:634 - "\Users\Romain\Desktop\ASE\Roulette\toplevel.vhf" Line 1146: Net <XLXI_37_R_openSignal> does not have a driver.

=========================================================================
*                           HDL Synthesis                               *
=========================================================================

Synthesizing Unit <toplevel>.
    Related source file is "/users/romain/desktop/ase/roulette/toplevel.vhf".
    Set property "HU_SET = XLXI_11_15" for instance <XLXI_11>.
    Set property "HU_SET = XLXI_12_16" for instance <XLXI_12>.
    Set property "HU_SET = XLXI_15_17" for instance <XLXI_15>.
    Set property "HU_SET = XLXI_37_18" for instance <XLXI_37>.
INFO:Xst:3010 - "/users/romain/desktop/ase/roulette/toplevel.vhf" line 1350: Output port <CO> of the instance <XLXI_37> is unconnected or connected to loadless signal.
INFO:Xst:3010 - "/users/romain/desktop/ase/roulette/toplevel.vhf" line 1350: Output port <OFL> of the instance <XLXI_37> is unconnected or connected to loadless signal.
WARNING:Xst:653 - Signal <value<15:8>> is used but never assigned. This sourceless signal will be automatically connected to value GND.
WARNING:Xst:653 - Signal <XLXI_15_CLR_openSignal> is used but never assigned. This sourceless signal will be automatically connected to value GND.
WARNING:Xst:653 - Signal <XLXI_37_R_openSignal> is used but never assigned. This sourceless signal will be automatically connected to value GND.
    Summary:
	no macro.
Unit <toplevel> synthesized.

Synthesizing Unit <rdm_MUSER_toplevel>.
    Related source file is "/users/romain/desktop/ase/roulette/toplevel.vhf".
    Summary:
	no macro.
Unit <rdm_MUSER_toplevel> synthesized.

Synthesizing Unit <afficheur_MUSER_toplevel>.
    Related source file is "/users/romain/desktop/ase/roulette/toplevel.vhf".
    Set property "HU_SET = XLXI_2_6" for instance <XLXI_2>.
INFO:Xst:3010 - "/users/romain/desktop/ase/roulette/toplevel.vhf" line 740: Output port <CEO> of the instance <XLXI_2> is unconnected or connected to loadless signal.
INFO:Xst:3010 - "/users/romain/desktop/ase/roulette/toplevel.vhf" line 740: Output port <TC> of the instance <XLXI_2> is unconnected or connected to loadless signal.
WARNING:Xst:653 - Signal <XLXI_2_CLR_openSignal> is used but never assigned. This sourceless signal will be automatically connected to value GND.
    Summary:
	no macro.
Unit <afficheur_MUSER_toplevel> synthesized.

Synthesizing Unit <Mux4x4_MUSER_toplevel>.
    Related source file is "/users/romain/desktop/ase/roulette/toplevel.vhf".
    Set property "HU_SET = XLXI_1_2" for instance <XLXI_1>.
    Set property "HU_SET = XLXI_2_3" for instance <XLXI_2>.
    Set property "HU_SET = XLXI_3_4" for instance <XLXI_3>.
    Set property "HU_SET = XLXI_4_5" for instance <XLXI_4>.
    Summary:
	no macro.
Unit <Mux4x4_MUSER_toplevel> synthesized.

Synthesizing Unit <M4_1E_HXILINX_toplevel>.
    Related source file is "/users/romain/desktop/ase/roulette/toplevel.vhf".
    Found 1-bit 4-to-1 multiplexer for signal <S1_D3_Mux_0_o> created at line 281.
    Summary:
	inferred   2 Multiplexer(s).
Unit <M4_1E_HXILINX_toplevel> synthesized.

Synthesizing Unit <CB2CE_HXILINX_toplevel>.
    Related source file is "/users/romain/desktop/ase/roulette/toplevel.vhf".
    Found 2-bit register for signal <COUNT>.
    Found 2-bit adder for signal <COUNT[1]_GND_12_o_add_0_OUT> created at line 400.
    Summary:
	inferred   1 Adder/Subtractor(s).
	inferred   2 D-type flip-flop(s).
	inferred   1 Multiplexer(s).
Unit <CB2CE_HXILINX_toplevel> synthesized.

Synthesizing Unit <X7seg>.
    Related source file is "/users/romain/desktop/ase/roulette/x7seg.vhd".
    Found 16x7-bit Read Only RAM for signal <sevenseg>
    Summary:
	inferred   1 RAM(s).
Unit <X7seg> synthesized.

Synthesizing Unit <enable190_MUSER_toplevel>.
    Related source file is "/users/romain/desktop/ase/roulette/toplevel.vhf".
    Set property "HU_SET = XLXI_2_0" for instance <XLXI_2>.
    Set property "HU_SET = XLXI_3_1" for instance <XLXI_3>.
INFO:Xst:3010 - "/users/romain/desktop/ase/roulette/toplevel.vhf" line 547: Output port <Q> of the instance <XLXI_2> is unconnected or connected to loadless signal.
INFO:Xst:3010 - "/users/romain/desktop/ase/roulette/toplevel.vhf" line 547: Output port <TC> of the instance <XLXI_2> is unconnected or connected to loadless signal.
INFO:Xst:3010 - "/users/romain/desktop/ase/roulette/toplevel.vhf" line 555: Output port <CEO> of the instance <XLXI_3> is unconnected or connected to loadless signal.
INFO:Xst:3010 - "/users/romain/desktop/ase/roulette/toplevel.vhf" line 555: Output port <Q0> of the instance <XLXI_3> is unconnected or connected to loadless signal.
INFO:Xst:3010 - "/users/romain/desktop/ase/roulette/toplevel.vhf" line 555: Output port <Q1> of the instance <XLXI_3> is unconnected or connected to loadless signal.
INFO:Xst:3010 - "/users/romain/desktop/ase/roulette/toplevel.vhf" line 555: Output port <Q3> of the instance <XLXI_3> is unconnected or connected to loadless signal.
INFO:Xst:3010 - "/users/romain/desktop/ase/roulette/toplevel.vhf" line 555: Output port <TC> of the instance <XLXI_3> is unconnected or connected to loadless signal.
WARNING:Xst:653 - Signal <XLXI_2_CLR_openSignal> is used but never assigned. This sourceless signal will be automatically connected to value GND.
WARNING:Xst:653 - Signal <XLXI_3_CLR_openSignal> is used but never assigned. This sourceless signal will be automatically connected to value GND.
    Summary:
	no macro.
Unit <enable190_MUSER_toplevel> synthesized.

Synthesizing Unit <CB16CE_HXILINX_toplevel>.
    Related source file is "/users/romain/desktop/ase/roulette/toplevel.vhf".
    Found 16-bit register for signal <COUNT>.
    Found 16-bit adder for signal <COUNT[15]_GND_15_o_add_0_OUT> created at line 182.
    Summary:
	inferred   1 Adder/Subtractor(s).
	inferred  16 D-type flip-flop(s).
	inferred   1 Multiplexer(s).
Unit <CB16CE_HXILINX_toplevel> synthesized.

Synthesizing Unit <CB4CE_HXILINX_toplevel>.
    Related source file is "/users/romain/desktop/ase/roulette/toplevel.vhf".
    Found 4-bit register for signal <COUNT>.
    Found 4-bit adder for signal <COUNT[3]_GND_16_o_add_0_OUT> created at line 57.
    Summary:
	inferred   1 Adder/Subtractor(s).
	inferred   4 D-type flip-flop(s).
	inferred   1 Multiplexer(s).
Unit <CB4CE_HXILINX_toplevel> synthesized.

Synthesizing Unit <shiftanodes_MUSER_toplevel>.
    Related source file is "/users/romain/desktop/ase/roulette/toplevel.vhf".
    Summary:
	no macro.
Unit <shiftanodes_MUSER_toplevel> synthesized.

Synthesizing Unit <timer>.
    Related source file is "/users/romain/desktop/ase/roulette/ipcore_dir/timer.vhd".
    Summary:
	no macro.
Unit <timer> synthesized.

Synthesizing Unit <pulse_MUSER_toplevel>.
    Related source file is "/users/romain/desktop/ase/roulette/toplevel.vhf".
    Summary:
	no macro.
Unit <pulse_MUSER_toplevel> synthesized.

Synthesizing Unit <COMP8_HXILINX_toplevel>.
    Related source file is "/users/romain/desktop/ase/roulette/toplevel.vhf".
    Found 8-bit comparator equal for signal <EQ> created at line 89
    Summary:
	inferred   1 Comparator(s).
Unit <COMP8_HXILINX_toplevel> synthesized.

Synthesizing Unit <D3_8E_HXILINX_toplevel>.
    Related source file is "/users/romain/desktop/ase/roulette/toplevel.vhf".
    Summary:
	inferred   1 Multiplexer(s).
Unit <D3_8E_HXILINX_toplevel> synthesized.

Synthesizing Unit <FJKC_HXILINX_toplevel>.
    Related source file is "/users/romain/desktop/ase/roulette/toplevel.vhf".
        INIT = '0'
    Found 1-bit register for signal <q_tmp>.
    Summary:
	inferred   1 D-type flip-flop(s).
	inferred   2 Multiplexer(s).
Unit <FJKC_HXILINX_toplevel> synthesized.

Synthesizing Unit <mux2x8_MUSER_toplevel>.
    Related source file is "/users/romain/desktop/ase/roulette/toplevel.vhf".
    Set property "HU_SET = XLXI_1_7" for instance <XLXI_1>.
    Set property "HU_SET = XLXI_2_8" for instance <XLXI_2>.
    Set property "HU_SET = XLXI_3_9" for instance <XLXI_3>.
    Set property "HU_SET = XLXI_4_10" for instance <XLXI_4>.
    Set property "HU_SET = XLXI_5_11" for instance <XLXI_5>.
    Set property "HU_SET = XLXI_6_12" for instance <XLXI_6>.
    Set property "HU_SET = XLXI_7_13" for instance <XLXI_7>.
    Set property "HU_SET = XLXI_8_14" for instance <XLXI_8>.
    Summary:
	no macro.
Unit <mux2x8_MUSER_toplevel> synthesized.

Synthesizing Unit <M2_1_HXILINX_toplevel>.
    Related source file is "/users/romain/desktop/ase/roulette/toplevel.vhf".
    Summary:
	inferred   1 Multiplexer(s).
Unit <M2_1_HXILINX_toplevel> synthesized.

Synthesizing Unit <shiftled_MUSER_toplevel>.
    Related source file is "/users/romain/desktop/ase/roulette/toplevel.vhf".
    Summary:
	no macro.
Unit <shiftled_MUSER_toplevel> synthesized.

Synthesizing Unit <ACC16_HXILINX_toplevel>.
    Related source file is "/users/romain/desktop/ase/roulette/toplevel.vhf".
    Found 1-bit register for signal <q_tmp>.
    Found 17-bit register for signal <adsu_tmp>.
    Found 17-bit subtractor for signal <GND_31_o_GND_31_o_sub_3_OUT> created at line 133.
    Found 17-bit adder for signal <n0052> created at line 131.
    Found 17-bit adder for signal <BUS_0001_GND_31_o_add_1_OUT> created at line 131.
    Found 17-bit subtractor for signal <GND_31_o_GND_31_o_sub_4_OUT<16:0>> created at line 133.
    Summary:
	inferred   2 Adder/Subtractor(s).
	inferred  18 D-type flip-flop(s).
	inferred   4 Multiplexer(s).
Unit <ACC16_HXILINX_toplevel> synthesized.

=========================================================================
HDL Synthesis Report

Macro Statistics
# RAMs                                                 : 1
 16x7-bit single-port Read Only RAM                    : 1
# Adders/Subtractors                                   : 9
 16-bit adder                                          : 3
 17-bit addsub                                         : 2
 2-bit adder                                           : 1
 4-bit adder                                           : 3
# Registers                                            : 10
 1-bit register                                        : 2
 16-bit register                                       : 3
 17-bit register                                       : 1
 2-bit register                                        : 1
 4-bit register                                        : 3
# Comparators                                          : 1
 8-bit comparator equal                                : 1
# Multiplexers                                         : 38
 1-bit 2-to-1 multiplexer                              : 30
 1-bit 4-to-1 multiplexer                              : 4
 17-bit 2-to-1 multiplexer                             : 3
 8-bit 2-to-1 multiplexer                              : 1

=========================================================================
INFO:Xst:1767 - HDL ADVISOR - Resource sharing has identified that some arithmetic operations in this design can share the same physical resources for reduced device utilization. For improved clock frequency you may try to disable resource sharing.

=========================================================================
*                       Advanced HDL Synthesis                          *
=========================================================================


Synthesizing (advanced) Unit <CB16CE_HXILINX_toplevel>.
The following registers are absorbed into counter <COUNT>: 1 register on signal <COUNT>.
Unit <CB16CE_HXILINX_toplevel> synthesized (advanced).

Synthesizing (advanced) Unit <CB2CE_HXILINX_toplevel>.
The following registers are absorbed into counter <COUNT>: 1 register on signal <COUNT>.
Unit <CB2CE_HXILINX_toplevel> synthesized (advanced).

Synthesizing (advanced) Unit <CB4CE_HXILINX_toplevel>.
The following registers are absorbed into counter <COUNT>: 1 register on signal <COUNT>.
Unit <CB4CE_HXILINX_toplevel> synthesized (advanced).

Synthesizing (advanced) Unit <X7seg>.
INFO:Xst:3031 - HDL ADVISOR - The RAM <Mram_sevenseg> will be implemented on LUTs either because you have described an asynchronous read or because of currently unsupported block RAM features. If you have described an asynchronous read, making it synchronous would allow you to take advantage of available block RAM resources, for optimized device usage and improved timings. Please refer to your documentation for coding guidelines.
    -----------------------------------------------------------------------
    | ram_type           | Distributed                         |          |
    -----------------------------------------------------------------------
    | Port A                                                              |
    |     aspect ratio   | 16-word x 7-bit                     |          |
    |     weA            | connected to signal <GND>           | high     |
    |     addrA          | connected to signal <sw>            |          |
    |     diA            | connected to signal <GND>           |          |
    |     doA            | connected to signal <sevenseg>      |          |
    -----------------------------------------------------------------------
Unit <X7seg> synthesized (advanced).

=========================================================================
Advanced HDL Synthesis Report

Macro Statistics
# RAMs                                                 : 1
 16x7-bit single-port distributed Read Only RAM        : 1
# Adders/Subtractors                                   : 2
 17-bit addsub                                         : 2
# Counters                                             : 7
 16-bit up counter                                     : 3
 2-bit up counter                                      : 1
 4-bit up counter                                      : 3
# Registers                                            : 60
 Flip-Flops                                            : 60
# Comparators                                          : 1
 8-bit comparator equal                                : 1
# Multiplexers                                         : 31
 1-bit 2-to-1 multiplexer                              : 24
 1-bit 4-to-1 multiplexer                              : 4
 17-bit 2-to-1 multiplexer                             : 2
 8-bit 2-to-1 multiplexer                              : 1

=========================================================================

=========================================================================
*                         Low Level Synthesis                           *
=========================================================================

Optimizing unit <toplevel> ...

Optimizing unit <COMP8_HXILINX_toplevel> ...

Optimizing unit <pulse_MUSER_toplevel> ...

Optimizing unit <ACC16_HXILINX_toplevel> ...

Optimizing unit <mux2x8_MUSER_toplevel> ...

Optimizing unit <M2_1_HXILINX_toplevel> ...

Optimizing unit <FJKC_HXILINX_toplevel> ...

Optimizing unit <CB2CE_HXILINX_toplevel> ...

Optimizing unit <CB16CE_HXILINX_toplevel> ...

Optimizing unit <CB4CE_HXILINX_toplevel> ...

Optimizing unit <M4_1E_HXILINX_toplevel> ...

Optimizing unit <shiftled_MUSER_toplevel> ...

Optimizing unit <D3_8E_HXILINX_toplevel> ...
WARNING:Xst:2677 - Node <adsu_tmp_16> of sequential type is unconnected in block <XLXI_37>.
WARNING:Xst:2677 - Node <q_tmp> of sequential type is unconnected in block <XLXI_37>.
WARNING:Xst:2677 - Node <COUNT_3> of sequential type is unconnected in block <XLXI_5/XLXI_3>.
WARNING:Xst:2677 - Node <COUNT_3> of sequential type is unconnected in block <XLXI_19/XLXI_3>.
WARNING:Xst:2677 - Node <COUNT_3> of sequential type is unconnected in block <XLXI_2/XLXI_4/XLXI_3>.
WARNING:Xst:1290 - Hierarchical block <XLXI_39/XLXI_8> is unconnected in block <toplevel>.
   It will be removed from the design.
WARNING:Xst:1290 - Hierarchical block <XLXI_39/XLXI_7> is unconnected in block <toplevel>.
   It will be removed from the design.
WARNING:Xst:1290 - Hierarchical block <XLXI_39/XLXI_6> is unconnected in block <toplevel>.
   It will be removed from the design.
WARNING:Xst:1290 - Hierarchical block <XLXI_39/XLXI_5> is unconnected in block <toplevel>.
   It will be removed from the design.
WARNING:Xst:1290 - Hierarchical block <XLXI_39/XLXI_4> is unconnected in block <toplevel>.
   It will be removed from the design.

Mapping all equations...
Building and optimizing final netlist ...
Found area constraint ratio of 100 (+ 5) on block toplevel, actual ratio is 1.

Final Macro Processing ...

=========================================================================
Final Register Report

Macro Statistics
# Registers                                            : 117
 Flip-Flops                                            : 117

=========================================================================

=========================================================================
*                           Partition Report                            *
=========================================================================

Partition Implementation Status
-------------------------------

  No Partitions were found in this design.

-------------------------------

=========================================================================
*                            Design Summary                             *
=========================================================================

Top Level Output File Name         : toplevel.ngc

Primitive and Black Box Usage:
------------------------------
# BELS                             : 328
#      AND2                        : 1
#      AND3                        : 6
#      GND                         : 4
#      INV                         : 15
#      LUT1                        : 45
#      LUT2                        : 48
#      LUT3                        : 24
#      LUT4                        : 9
#      LUT6                        : 16
#      MUXCY                       : 75
#      VCC                         : 4
#      XOR2                        : 1
#      XORCY                       : 80
# FlipFlops/Latches                : 117
#      FD                          : 16
#      FDCE                        : 60
#      FDE                         : 25
#      FDRE                        : 16
# Clock Buffers                    : 2
#      BUFG                        : 2
# IO Buffers                       : 31
#      IBUF                        : 11
#      IBUFG                       : 1
#      OBUF                        : 19
# DCMs                             : 1
#      DCM_SP                      : 1
# Logical                          : 3
#      NOR2                        : 3

Device utilization summary:
---------------------------

Selected Device : 6slx16csg324-3 


Slice Logic Utilization: 
 Number of Slice Registers:             117  out of  18224     0%  
 Number of Slice LUTs:                  157  out of   9112     1%  
    Number used as Logic:               157  out of   9112     1%  

Slice Logic Distribution: 
 Number of LUT Flip Flop pairs used:    274
   Number with an unused Flip Flop:     157  out of    274    57%  
   Number with an unused LUT:           117  out of    274    42%  
   Number of fully used LUT-FF pairs:     0  out of    274     0%  
   Number of unique control sets:        15

IO Utilization: 
 Number of IOs:                          31
 Number of bonded IOBs:                  31  out of    232    13%  

Specific Feature Utilization:
 Number of BUFG/BUFGCTRLs:                2  out of     16    12%  

---------------------------
Partition Resource Summary:
---------------------------

  No Partitions were found in this design.

---------------------------


=========================================================================
Timing Report

NOTE: THESE TIMING NUMBERS ARE ONLY A SYNTHESIS ESTIMATE.
      FOR ACCURATE TIMING INFORMATION PLEASE REFER TO THE TRACE REPORT
      GENERATED AFTER PLACE-and-ROUTE.

Clock Information:
------------------
-----------------------------------+-------------------------+-------+
Clock Signal                       | Clock buffer(FF name)   | Load  |
-----------------------------------+-------------------------+-------+
clk                                | XLXI_3/dcm_sp_inst:CLK2X| 88    |
clk                                | XLXI_3/dcm_sp_inst:CLKDV| 29    |
-----------------------------------+-------------------------+-------+

Asynchronous Control Signals Information:
----------------------------------------
No asynchronous control signals found in this design

Timing Summary:
---------------
Speed Grade: -3

   Minimum period: 16.716ns (Maximum Frequency: 59.824MHz)
   Minimum input arrival time before clock: 7.967ns
   Maximum output required time after clock: 6.132ns
   Maximum combinational path delay: No path found

Timing Details:
---------------
All values displayed in nanoseconds (ns)

=========================================================================
Timing constraint: Default period analysis for Clock 'clk'
  Clock period: 16.716ns (frequency: 59.824MHz)
  Total number of paths / destination ports: 73105 / 167
-------------------------------------------------------------------------
Delay:               8.358ns (Levels of Logic = 26)
  Source:            XLXI_1/XLXI_4 (FF)
  Destination:       XLXI_37/adsu_tmp_15 (FF)
  Source Clock:      clk rising 2.0X
  Destination Clock: clk rising 2.0X

  Data Path: XLXI_1/XLXI_4 to XLXI_37/adsu_tmp_15
                                Gate     Net
    Cell:in->out      fanout   Delay   Delay  Logical Name (Net Name)
    ----------------------------------------  ------------
     FDE:C->Q              9   0.447   1.058  XLXI_1/XLXI_4 (random<3>)
     begin scope: 'XLXI_12'
     LUT3:I0->O            2   0.205   0.845  Mmux_d_tmp51 (D4)
     end scope: 'XLXI_12'
     begin scope: 'XLXI_11'
     LUT6:I3->O            1   0.205   0.684  EQ82 (EQ81)
     LUT6:I4->O           41   0.203   1.419  EQ83 (EQ)
     end scope: 'XLXI_11'
     begin scope: 'XLXI_37'
     INV:I->O              2   0.206   0.616  ADD_inv2_INV_0 (ADD_inv)
     MUXCY:CI->O           1   0.019   0.000  Mmux_GND_31_o_BUS_0001_mux_4_OUT_A_rs_cy<0> (Mmux_GND_31_o_BUS_0001_mux_4_OUT_A_rs_cy<0>)
     MUXCY:CI->O           1   0.019   0.000  Mmux_GND_31_o_BUS_0001_mux_4_OUT_A_rs_cy<1> (Mmux_GND_31_o_BUS_0001_mux_4_OUT_A_rs_cy<1>)
     MUXCY:CI->O           1   0.019   0.000  Mmux_GND_31_o_BUS_0001_mux_4_OUT_A_rs_cy<2> (Mmux_GND_31_o_BUS_0001_mux_4_OUT_A_rs_cy<2>)
     MUXCY:CI->O           1   0.019   0.000  Mmux_GND_31_o_BUS_0001_mux_4_OUT_A_rs_cy<3> (Mmux_GND_31_o_BUS_0001_mux_4_OUT_A_rs_cy<3>)
     MUXCY:CI->O           1   0.019   0.000  Mmux_GND_31_o_BUS_0001_mux_4_OUT_A_rs_cy<4> (Mmux_GND_31_o_BUS_0001_mux_4_OUT_A_rs_cy<4>)
     MUXCY:CI->O           1   0.019   0.000  Mmux_GND_31_o_BUS_0001_mux_4_OUT_A_rs_cy<5> (Mmux_GND_31_o_BUS_0001_mux_4_OUT_A_rs_cy<5>)
     MUXCY:CI->O           1   0.019   0.000  Mmux_GND_31_o_BUS_0001_mux_4_OUT_A_rs_cy<6> (Mmux_GND_31_o_BUS_0001_mux_4_OUT_A_rs_cy<6>)
     MUXCY:CI->O           1   0.019   0.000  Mmux_GND_31_o_BUS_0001_mux_4_OUT_A_rs_cy<7> (Mmux_GND_31_o_BUS_0001_mux_4_OUT_A_rs_cy<7>)
     MUXCY:CI->O           1   0.019   0.000  Mmux_GND_31_o_BUS_0001_mux_4_OUT_A_rs_cy<8> (Mmux_GND_31_o_BUS_0001_mux_4_OUT_A_rs_cy<8>)
     MUXCY:CI->O           1   0.019   0.000  Mmux_GND_31_o_BUS_0001_mux_4_OUT_A_rs_cy<9> (Mmux_GND_31_o_BUS_0001_mux_4_OUT_A_rs_cy<9>)
     MUXCY:CI->O           1   0.019   0.000  Mmux_GND_31_o_BUS_0001_mux_4_OUT_A_rs_cy<10> (Mmux_GND_31_o_BUS_0001_mux_4_OUT_A_rs_cy<10>)
     MUXCY:CI->O           1   0.019   0.000  Mmux_GND_31_o_BUS_0001_mux_4_OUT_A_rs_cy<11> (Mmux_GND_31_o_BUS_0001_mux_4_OUT_A_rs_cy<11>)
     MUXCY:CI->O           1   0.019   0.000  Mmux_GND_31_o_BUS_0001_mux_4_OUT_A_rs_cy<12> (Mmux_GND_31_o_BUS_0001_mux_4_OUT_A_rs_cy<12>)
     MUXCY:CI->O           1   0.019   0.000  Mmux_GND_31_o_BUS_0001_mux_4_OUT_A_rs_cy<13> (Mmux_GND_31_o_BUS_0001_mux_4_OUT_A_rs_cy<13>)
     XORCY:CI->O           1   0.180   0.580  Mmux_GND_31_o_BUS_0001_mux_4_OUT_A_rs_xor<14> (Mmux_GND_31_o_BUS_0001_mux_4_OUT_rs_A<14>)
     LUT2:I1->O            1   0.205   0.000  Mmux_GND_31_o_BUS_0001_mux_4_OUT_rs_lut<14> (Mmux_GND_31_o_BUS_0001_mux_4_OUT_rs_lut<14>)
     MUXCY:S->O            0   0.172   0.000  Mmux_GND_31_o_BUS_0001_mux_4_OUT_rs_cy<14> (Mmux_GND_31_o_BUS_0001_mux_4_OUT_rs_cy<14>)
     XORCY:CI->O           1   0.180   0.580  Mmux_GND_31_o_BUS_0001_mux_4_OUT_rs_xor<15> (GND_31_o_BUS_0001_mux_4_OUT<15>)
     LUT2:I1->O            1   0.205   0.000  mux611 (adsu_tmp[16]_adsu_tmp[16]_mux_6_OUT<15>)
     FDRE:D                    0.102          adsu_tmp_15
    ----------------------------------------
    Total                      8.358ns (2.576ns logic, 5.782ns route)
                                       (30.8% logic, 69.2% route)

=========================================================================
Timing constraint: Default OFFSET IN BEFORE for Clock 'clk'
  Total number of paths / destination ports: 23187 / 19
-------------------------------------------------------------------------
Offset:              7.967ns (Levels of Logic = 25)
  Source:            SW<2> (PAD)
  Destination:       XLXI_37/adsu_tmp_15 (FF)
  Destination Clock: clk rising 2.0X

  Data Path: SW<2> to XLXI_37/adsu_tmp_15
                                Gate     Net
    Cell:in->out      fanout   Delay   Delay  Logical Name (Net Name)
    ----------------------------------------  ------------
     IBUF:I->O             1   1.222   0.944  SW_2_IBUF (SW_2_IBUF)
     begin scope: 'XLXI_11'
     LUT6:I0->O            1   0.203   0.684  EQ82 (EQ81)
     LUT6:I4->O           41   0.203   1.419  EQ83 (EQ)
     end scope: 'XLXI_11'
     begin scope: 'XLXI_37'
     INV:I->O              2   0.206   0.616  ADD_inv2_INV_0 (ADD_inv)
     MUXCY:CI->O           1   0.019   0.000  Mmux_GND_31_o_BUS_0001_mux_4_OUT_A_rs_cy<0> (Mmux_GND_31_o_BUS_0001_mux_4_OUT_A_rs_cy<0>)
     MUXCY:CI->O           1   0.019   0.000  Mmux_GND_31_o_BUS_0001_mux_4_OUT_A_rs_cy<1> (Mmux_GND_31_o_BUS_0001_mux_4_OUT_A_rs_cy<1>)
     MUXCY:CI->O           1   0.019   0.000  Mmux_GND_31_o_BUS_0001_mux_4_OUT_A_rs_cy<2> (Mmux_GND_31_o_BUS_0001_mux_4_OUT_A_rs_cy<2>)
     MUXCY:CI->O           1   0.019   0.000  Mmux_GND_31_o_BUS_0001_mux_4_OUT_A_rs_cy<3> (Mmux_GND_31_o_BUS_0001_mux_4_OUT_A_rs_cy<3>)
     MUXCY:CI->O           1   0.019   0.000  Mmux_GND_31_o_BUS_0001_mux_4_OUT_A_rs_cy<4> (Mmux_GND_31_o_BUS_0001_mux_4_OUT_A_rs_cy<4>)
     MUXCY:CI->O           1   0.019   0.000  Mmux_GND_31_o_BUS_0001_mux_4_OUT_A_rs_cy<5> (Mmux_GND_31_o_BUS_0001_mux_4_OUT_A_rs_cy<5>)
     MUXCY:CI->O           1   0.019   0.000  Mmux_GND_31_o_BUS_0001_mux_4_OUT_A_rs_cy<6> (Mmux_GND_31_o_BUS_0001_mux_4_OUT_A_rs_cy<6>)
     MUXCY:CI->O           1   0.019   0.000  Mmux_GND_31_o_BUS_0001_mux_4_OUT_A_rs_cy<7> (Mmux_GND_31_o_BUS_0001_mux_4_OUT_A_rs_cy<7>)
     MUXCY:CI->O           1   0.019   0.000  Mmux_GND_31_o_BUS_0001_mux_4_OUT_A_rs_cy<8> (Mmux_GND_31_o_BUS_0001_mux_4_OUT_A_rs_cy<8>)
     MUXCY:CI->O           1   0.019   0.000  Mmux_GND_31_o_BUS_0001_mux_4_OUT_A_rs_cy<9> (Mmux_GND_31_o_BUS_0001_mux_4_OUT_A_rs_cy<9>)
     MUXCY:CI->O           1   0.019   0.000  Mmux_GND_31_o_BUS_0001_mux_4_OUT_A_rs_cy<10> (Mmux_GND_31_o_BUS_0001_mux_4_OUT_A_rs_cy<10>)
     MUXCY:CI->O           1   0.019   0.000  Mmux_GND_31_o_BUS_0001_mux_4_OUT_A_rs_cy<11> (Mmux_GND_31_o_BUS_0001_mux_4_OUT_A_rs_cy<11>)
     MUXCY:CI->O           1   0.019   0.000  Mmux_GND_31_o_BUS_0001_mux_4_OUT_A_rs_cy<12> (Mmux_GND_31_o_BUS_0001_mux_4_OUT_A_rs_cy<12>)
     MUXCY:CI->O           1   0.019   0.000  Mmux_GND_31_o_BUS_0001_mux_4_OUT_A_rs_cy<13> (Mmux_GND_31_o_BUS_0001_mux_4_OUT_A_rs_cy<13>)
     XORCY:CI->O           1   0.180   0.580  Mmux_GND_31_o_BUS_0001_mux_4_OUT_A_rs_xor<14> (Mmux_GND_31_o_BUS_0001_mux_4_OUT_rs_A<14>)
     LUT2:I1->O            1   0.205   0.000  Mmux_GND_31_o_BUS_0001_mux_4_OUT_rs_lut<14> (Mmux_GND_31_o_BUS_0001_mux_4_OUT_rs_lut<14>)
     MUXCY:S->O            0   0.172   0.000  Mmux_GND_31_o_BUS_0001_mux_4_OUT_rs_cy<14> (Mmux_GND_31_o_BUS_0001_mux_4_OUT_rs_cy<14>)
     XORCY:CI->O           1   0.180   0.580  Mmux_GND_31_o_BUS_0001_mux_4_OUT_rs_xor<15> (GND_31_o_BUS_0001_mux_4_OUT<15>)
     LUT2:I1->O            1   0.205   0.000  mux611 (adsu_tmp[16]_adsu_tmp[16]_mux_6_OUT<15>)
     FDRE:D                    0.102          adsu_tmp_15
    ----------------------------------------
    Total                      7.967ns (3.144ns logic, 4.823ns route)
                                       (39.5% logic, 60.5% route)

=========================================================================
Timing constraint: Default OFFSET OUT AFTER for Clock 'clk'
  Total number of paths / destination ports: 212 / 19
-------------------------------------------------------------------------
Offset:              6.132ns (Levels of Logic = 5)
  Source:            XLXI_2/XLXI_2/COUNT_0 (FF)
  Destination:       sevenseg<6> (PAD)
  Source Clock:      clk rising 2.0X

  Data Path: XLXI_2/XLXI_2/COUNT_0 to sevenseg<6>
                                Gate     Net
    Cell:in->out      fanout   Delay   Delay  Logical Name (Net Name)
    ----------------------------------------  ------------
     FDCE:C->Q             6   0.447   1.109  COUNT_0 (COUNT_0)
     end scope: 'XLXI_2/XLXI_2'
     begin scope: 'XLXI_2/XLXI_1/XLXI_2'
     LUT6:I0->O            7   0.203   1.021  Mmux_O11 (O)
     end scope: 'XLXI_2/XLXI_1/XLXI_2'
     LUT4:I0->O            1   0.203   0.579  XLXI_2/XLXI_3/Mram_sevenseg111 (sevenseg_1_OBUF)
     OBUF:I->O                 2.571          sevenseg_1_OBUF (sevenseg<1>)
    ----------------------------------------
    Total                      6.132ns (3.424ns logic, 2.708ns route)
                                       (55.8% logic, 44.2% route)

=========================================================================

Cross Clock Domains Report:
--------------------------

Clock to Setup on destination clock clk
---------------+---------+---------+---------+---------+
               | Src:Rise| Src:Fall| Src:Rise| Src:Fall|
Source Clock   |Dest:Rise|Dest:Rise|Dest:Fall|Dest:Fall|
---------------+---------+---------+---------+---------+
clk            |    8.358|         |         |         |
---------------+---------+---------+---------+---------+

=========================================================================


Total REAL time to Xst completion: 6.00 secs
Total CPU time to Xst completion: 5.22 secs
 
--> 

Total memory usage is 278800 kilobytes

Number of errors   :    0 (   0 filtered)
Number of warnings :   25 (   0 filtered)
Number of infos    :   13 (   0 filtered)

