Command line:
   pulse_isim_beh.exe
     -simmode  gui
     -simrunnum  0
     -socket  35781

Fri Oct 17 12:12:29 2014


 Elaboration Time: 0.01 sec

 Current Memory Usage: 115.548 Meg

 Total Signals          : 72
 Total Nets             : 41
 Total Signal Drivers   : 15
 Total Blocks           : 13
 Total Primitive Blocks : 12
 Total Processes        : 15
 Total Traceable Variables  : 19
 Total Scalar Nets and Variables : 530
Total Line Count : 24

 Total Simulation Time: 0.02 sec

 Current Memory Usage: 122.896 Meg

Fri Oct 17 12:12:32 2014

